[09:01:18] [Server thread/INFO]: Starting minecraft server version 1.7.10
[09:01:18] [Server thread/INFO]: Loading properties
[09:01:18] [Server thread/INFO]: Default game type: SURVIVAL
[09:01:18] [Server thread/INFO]: Generating keypair
[09:01:19] [Server thread/INFO]: Starting Minecraft server on 25.5.199.175:25565
[09:01:19] [Server thread/WARN]: **** SERVER IS RUNNING IN OFFLINE/INSECURE MODE!
[09:01:19] [Server thread/WARN]: The server will make no attempt to authenticate usernames. Beware.
[09:01:19] [Server thread/WARN]: While this makes the game possible to play without internet access, it also opens up the ability for hackers to connect with any username they choose.
[09:01:19] [Server thread/WARN]: To change this, set "online-mode" to "true" in the server.properties file.
[09:01:19] [Server thread/INFO]: Preparing level "world"
[09:01:19] [Server thread/INFO]: Preparing start region for level 0
[09:01:20] [Server thread/INFO]: Preparing spawn area: 12%
[09:01:21] [Server thread/INFO]: Preparing spawn area: 48%
[09:01:22] [Server thread/INFO]: Done (3.129s)! For help, type "help" or "?"
[09:05:55] [Server thread/WARN]: Can't keep up! Did the system time change, or is the server overloaded? Running 2135ms behind, skipping 42 tick(s)
[09:07:22] [Server thread/WARN]: Can't keep up! Did the system time change, or is the server overloaded? Running 3969ms behind, skipping 79 tick(s)
[09:10:04] [Server thread/INFO]: 415memz[/25.5.199.175:52297] logged in with entity id 286 at (-116.6027516563082, 74.0, 275.6370414731749)
[09:10:04] [Server thread/INFO]: 415memz joined the game
[09:10:12] [Server thread/WARN]: Can't keep up! Did the system time change, or is the server overloaded? Running 6196ms behind, skipping 123 tick(s)
[09:10:47] [Server thread/WARN]: Can't keep up! Did the system time change, or is the server overloaded? Running 23207ms behind, skipping 464 tick(s)
[09:10:50] [Server thread/WARN]: Can't keep up! Did the system time change, or is the server overloaded? Running 2986ms behind, skipping 59 tick(s)
[09:11:24] [Server thread/INFO]: 415memz has just earned the achievement [Taking Inventory]
[09:13:36] [Server thread/WARN]: Can't keep up! Did the system time change, or is the server overloaded? Running 2371ms behind, skipping 47 tick(s)
[09:13:59] [Server thread/WARN]: Can't keep up! Did the system time change, or is the server overloaded? Running 5622ms behind, skipping 112 tick(s)
[09:14:21] [Server thread/WARN]: Can't keep up! Did the system time change, or is the server overloaded? Running 2522ms behind, skipping 50 tick(s)
[09:14:40] [Server thread/WARN]: Can't keep up! Did the system time change, or is the server overloaded? Running 5185ms behind, skipping 103 tick(s)
[09:22:17] [Server thread/WARN]: Can't keep up! Did the system time change, or is the server overloaded? Running 5090ms behind, skipping 101 tick(s)
[09:22:30] [Server thread/WARN]: Can't keep up! Did the system time change, or is the server overloaded? Running 3278ms behind, skipping 65 tick(s)
[09:33:46] [Server thread/INFO]: [415memz: Set own game mode to Survival Mode]
[09:36:07] [Server thread/INFO]: [415memz: Set the time to 1000]
[09:36:35] [Server thread/INFO]: [415memz: Banned player 415memz]
[09:36:35] [Server thread/INFO]: 415memz lost connection: TextComponent{text='You are banned from this server.', siblings=[], style=Style{hasParent=false, color=null, bold=null, italic=null, underlined=null, obfuscated=null, clickEvent=null, hoverEvent=null}}
[09:36:35] [Server thread/INFO]: 415memz left the game
[09:36:50] [Server thread/INFO]: Disconnecting com.mojang.authlib.GameProfile@46c583a5[id=5c9ff1c5-237d-34b6-b3e7-15784d4077bf,name=415memz,properties={},legacy=false] (/25.5.199.175:52452): You are banned from this server!
Reason: []
[09:36:50] [Server thread/INFO]: com.mojang.authlib.GameProfile@46c583a5[id=5c9ff1c5-237d-34b6-b3e7-15784d4077bf,name=415memz,properties={},legacy=false] (/25.5.199.175:52452) lost connection: You are banned from this server!
Reason: []
[09:37:20] [Server thread/INFO]: Unknown command. Try /help for a list of commands
[09:37:33] [Server thread/INFO]: Unknown command. Try /help for a list of commands
[09:39:13] [Server thread/INFO]: You have entered an invalid IP address
[09:40:17] [Server thread/INFO]: Unbanned player 415memz
[09:42:37] [Server thread/INFO]: 415memz[/25.5.199.175:52676] logged in with entity id 48331 at (-106.69999998807907, 61.0, 281.48556271051257)
[09:42:37] [Server thread/INFO]: 415memz joined the game
[09:42:44] [Server thread/WARN]: Can't keep up! Did the system time change, or is the server overloaded? Running 2002ms behind, skipping 40 tick(s)
[09:43:57] [Server thread/INFO]: * 415memz 415memz
[09:44:39] [Server thread/INFO]: [415memz: Given 99999 experience to 415memz]
[09:44:47] [Server thread/INFO]: [415memz: Given 99999 experience to 415memz]
[09:44:48] [Server thread/INFO]: [415memz: Given 99999 experience to 415memz]
[09:44:49] [Server thread/INFO]: [415memz: Given 99999 experience to 415memz]
[09:44:50] [Server thread/INFO]: [415memz: Given 99999 experience to 415memz]
[09:44:51] [Server thread/INFO]: [415memz: Given 99999 experience to 415memz]
[09:44:52] [Server thread/INFO]: [415memz: Given 99999 experience to 415memz]
[09:44:53] [Server thread/INFO]: [415memz: Given 99999 experience to 415memz]
[09:44:54] [Server thread/INFO]: [415memz: Given 99999 experience to 415memz]
[09:44:55] [Server thread/INFO]: [415memz: Given 99999 experience to 415memz]
[09:45:11] [Server thread/INFO]: [415memz: Given 99999999 experience to 415memz]
[09:45:15] [Server thread/INFO]: [415memz: Given 99999999 experience to 415memz]
[09:45:17] [Server thread/INFO]: [415memz: Given 99999999 experience to 415memz]
[09:45:18] [Server thread/INFO]: [415memz: Given 99999999 experience to 415memz]
[09:45:19] [Server thread/INFO]: [415memz: Given 99999999 experience to 415memz]
[09:45:20] [Server thread/INFO]: [415memz: Given 99999999 experience to 415memz]
[09:45:21] [Server thread/INFO]: [415memz: Given 99999999 experience to 415memz]
[09:45:26] [Server thread/INFO]: [415memz: Given 99999999 experience to 415memz]
[09:45:27] [Server thread/INFO]: [415memz: Given 99999999 experience to 415memz]
[09:45:28] [Server thread/INFO]: [415memz: Given 99999999 experience to 415memz]
[09:45:29] [Server thread/INFO]: [415memz: Given 99999999 experience to 415memz]
[09:45:30] [Server thread/INFO]: [415memz: Given 99999999 experience to 415memz]
[09:45:31] [Server thread/INFO]: [415memz: Given 99999999 experience to 415memz]
[09:45:32] [Server thread/INFO]: [415memz: Given 99999999 experience to 415memz]
[09:45:33] [Server thread/INFO]: [415memz: Given 99999999 experience to 415memz]
[09:45:34] [Server thread/INFO]: [415memz: Given 99999999 experience to 415memz]
[09:45:35] [Server thread/INFO]: [415memz: Given 99999999 experience to 415memz]
[09:45:36] [Server thread/INFO]: [415memz: Given 99999999 experience to 415memz]
[09:45:37] [Server thread/INFO]: [415memz: Given 99999999 experience to 415memz]
[09:45:42] [Server thread/INFO]: [415memz: Given 99999999 experience to 415memz]
[09:45:43] [Server thread/INFO]: [415memz: Given 99999999 experience to 415memz]
[09:45:44] [Server thread/INFO]: [415memz: Given 99999999 experience to 415memz]
[09:46:00] [Server thread/INFO]: [415memz: Given 99999999 experience to 415memz]
[09:46:02] [Server thread/INFO]: [415memz: Given 99999999 experience to 415memz]
[09:46:03] [Server thread/INFO]: [415memz: Given 99999999 experience to 415memz]
[09:46:23] [Server thread/WARN]: Can't keep up! Did the system time change, or is the server overloaded? Running 2344ms behind, skipping 46 tick(s)
[09:47:47] [Server thread/INFO]: [415memz: Set own game mode to Creative Mode]
[09:49:30] [Server thread/INFO]: [415memz: Set own game mode to Survival Mode]
[09:49:52] [Server thread/INFO]: [415memz: Set own game mode to Creative Mode]
[09:50:33] [Server thread/INFO]: [415memz: Set own game mode to Survival Mode]
[09:51:55] [Server thread/INFO]: [415memz: Set own game mode to Creative Mode]
[09:53:19] [Server thread/INFO]: [415memz: Set own game mode to Creative Mode]
[09:53:30] [Server thread/INFO]: [415memz: Set the time to 1000]
[10:13:17] [Server thread/WARN]: Can't keep up! Did the system time change, or is the server overloaded? Running 3162ms behind, skipping 63 tick(s)
[10:19:28] [Server thread/INFO]: 415memz lost connection: TextComponent{text='Disconnected', siblings=[], style=Style{hasParent=false, color=null, bold=null, italic=null, underlined=null, obfuscated=null, clickEvent=null, hoverEvent=null}}
[10:19:28] [Server thread/INFO]: 415memz left the game
[10:21:53] [Server thread/INFO]: 415memz[/25.5.199.175:53013] logged in with entity id 209158 at (-114.25603584527613, 102.48248088935195, 265.38353157464496)
[10:21:53] [Server thread/INFO]: 415memz joined the game
[10:23:54] [Server thread/INFO]: [415memz: Set the time to 0]
[10:31:33] [Server thread/INFO]: [415memz: Set own game mode to Survival Mode]
[10:32:35] [Server thread/INFO]: [415memz: Set own game mode to Creative Mode]
[10:35:15] [Server thread/INFO]: [415memz: Set the time to 100]
[10:40:53] [Server thread/INFO]: [415memz: Teleported 415memz to -111.5,81.5,245.5]
[10:41:15] [Server thread/INFO]: [415memz: Teleported 415memz to -111.5,81.5,245.5]
[10:41:45] [Server thread/INFO]: --- Showing help page 1 of 7 (/help <page>) ---
[10:41:45] [Server thread/INFO]: /achievement give <stat_name> [player]
[10:41:45] [Server thread/INFO]: /ban <name> [reason ...]
[10:41:45] [Server thread/INFO]: /ban-ip <address|name> [reason ...]
[10:41:45] [Server thread/INFO]: /banlist [ips|players]
[10:41:45] [Server thread/INFO]: /clear <player> [item] [data]
[10:41:45] [Server thread/INFO]: /debug <start|stop>
[10:41:45] [Server thread/INFO]: /defaultgamemode <mode>
[10:41:55] [Server thread/INFO]: Unknown command. Try /help for a list of commands
[10:42:22] [Server thread/WARN]: Skipping Entity with id creeper
[10:42:22] [Server thread/INFO]: [415memz: Unable to summon object]
[10:43:04] [Server thread/WARN]: Can't keep up! Did the system time change, or is the server overloaded? Running 2547ms behind, skipping 50 tick(s)
[10:43:24] [Server thread/WARN]: Can't keep up! Did the system time change, or is the server overloaded? Running 4984ms behind, skipping 99 tick(s)
[10:44:50] [Server thread/INFO]: [415memz: Data tag parsing failed: Unbalanced square brackets []: AI]]
[10:45:00] [Server thread/INFO]: [415memz: Data tag parsing failed: Unable to locate name/value separator for string: [NoAI]]
[10:45:07] [Server thread/WARN]: Skipping Entity with id creeper
[10:45:07] [Server thread/INFO]: [415memz: Unable to summon object]
[10:45:14] [Server thread/WARN]: Skipping Entity with id creeper
[10:45:14] [Server thread/INFO]: [415memz: Unable to summon object]
[10:46:06] [Server thread/WARN]: Skipping Entity with id creeper
[10:46:06] [Server thread/INFO]: [415memz: Unable to summon object]
[10:46:13] [Server thread/WARN]: Skipping Entity with id creeper
[10:46:13] [Server thread/INFO]: [415memz: Unable to summon object]
[10:46:38] [Server thread/INFO]: <415memz> summon creeper ~ ~ ~ {powered:1b,CustomName:'"Songqing"'}
[10:46:46] [Server thread/WARN]: Skipping Entity with id creeper
[10:46:46] [Server thread/INFO]: [415memz: Unable to summon object]
[10:46:55] [Server thread/INFO]: Cannot summon the object out of the world
[10:48:56] [Server thread/INFO]: 415memz fell out of the world
[10:49:09] [Server thread/INFO]: 415memz fell out of the world
[10:49:14] [Server thread/INFO]: 415memz fell out of the world
[10:49:20] [Server thread/INFO]: 415memz fell out of the world
[10:55:39] [Server thread/WARN]: Can't keep up! Did the system time change, or is the server overloaded? Running 5318ms behind, skipping 106 tick(s)
[10:56:15] [Server thread/WARN]: Can't keep up! Did the system time change, or is the server overloaded? Running 24971ms behind, skipping 499 tick(s)
[10:56:19] [Server thread/WARN]: Can't keep up! Did the system time change, or is the server overloaded? Running 4189ms behind, skipping 83 tick(s)
[10:56:51] [Server thread/WARN]: Can't keep up! Did the system time change, or is the server overloaded? Running 18609ms behind, skipping 372 tick(s)
[10:56:55] [Server thread/WARN]: Can't keep up! Did the system time change, or is the server overloaded? Running 4409ms behind, skipping 88 tick(s)
[10:58:17] [Server thread/WARN]: Can't keep up! Did the system time change, or is the server overloaded? Running 2173ms behind, skipping 43 tick(s)
[10:58:54] [Server thread/WARN]: Can't keep up! Did the system time change, or is the server overloaded? Running 2135ms behind, skipping 42 tick(s)
[10:59:15] [Server thread/WARN]: Can't keep up! Did the system time change, or is the server overloaded? Running 4889ms behind, skipping 97 tick(s)
[10:59:36] [Server thread/WARN]: Can't keep up! Did the system time change, or is the server overloaded? Running 2061ms behind, skipping 41 tick(s)
[11:05:56] [Server thread/INFO]: [415memz: Set the time to 100]
[11:06:04] [Server thread/INFO]: [415memz: Set the time to 1000]
[11:13:38] [Server thread/INFO]: Unknown command. Try /help for a list of commands
[11:13:48] [Server thread/INFO]: --- Showing help page 1 of 7 (/help <page>) ---
[11:13:48] [Server thread/INFO]: /achievement give <stat_name> [player]
[11:13:48] [Server thread/INFO]: /ban <name> [reason ...]
[11:13:48] [Server thread/INFO]: /ban-ip <address|name> [reason ...]
[11:13:48] [Server thread/INFO]: /banlist [ips|players]
[11:13:48] [Server thread/INFO]: /clear <player> [item] [data]
[11:13:48] [Server thread/INFO]: /debug <start|stop>
[11:13:48] [Server thread/INFO]: /defaultgamemode <mode>
[11:15:41] [Server thread/INFO]: [415memz: Set the time to 1000]
[11:23:10] [Server thread/INFO]: [415memz: Changing to clear weather]
[11:23:28] [Server thread/INFO]: [415memz: Set the time to 0]
[11:24:12] [Server thread/INFO]: [415memz: Set the time to 1000]
[11:25:01] [Server thread/INFO]: [415memz: Set the time to 19000]
[11:25:42] [Server thread/INFO]: 415memz lost connection: TextComponent{text='Disconnected', siblings=[], style=Style{hasParent=false, color=null, bold=null, italic=null, underlined=null, obfuscated=null, clickEvent=null, hoverEvent=null}}
[11:25:42] [Server thread/INFO]: 415memz left the game
[11:25:48] [Server thread/INFO]: Stopping server
[11:25:48] [Server thread/INFO]: Saving players
[11:25:48] [Server thread/INFO]: Saving worlds
[11:25:48] [Server thread/INFO]: Saving chunks for level 'world'/Overworld
[11:25:48] [Server thread/INFO]: Saving chunks for level 'world'/Nether
[11:25:48] [Server thread/INFO]: Saving chunks for level 'world'/The End
[11:25:48] [Server Shutdown Thread/INFO]: Stopping server
